4642
0 0 0 7
0 8 1 11
0 12 11 12
0 13 3 15
0 16 1 21
0 22 3 24
0 25 0 36
0 37 2 39
0 40 3 42
0 43 8 43
0 44 4 45
0 46 7 46
0 47 4 48
0 49 1 53
0 54 11 54
0 55 0 66
0 67 11 67
0 68 3 70
0 71 1 76
0 77 4 78
0 79 2 82
0 83 1 87
0 88 0 99
0 100 1 105
0 106 11 106
0 107 0 115
0 116 1 121
0 122 4 123
0 124 3 125
0 126 1 130
0 131 0 138
0 139 3 141
0 142 3 143
0 144 0 151
0 152 4 153
0 154 7 154
0 155 3 157
0 158 1 161
0 162 2 164
0 165 0 174
0 175 2 177
0 178 11 178
0 179 0 186
0 187 4 188
0 189 5 190
0 191 0 202
0 203 9 203
0 204 1 208
0 209 11 209
0 210 4 211
0 212 0 223
0 224 0 233
0 234 1 239
0 240 0 248
0 249 9 249
1 0 4 1
1 2 5 3
1 4 5 5
1 6 9 6
1 7 11 7
1 25 10 25
1 26 5 27
1 28 1 36
1 55 2 59
1 60 9 60
1 61 2 65
1 66 9 66
1 88 12 88
1 89 4 90
1 91 8 91
1 92 9 92
1 93 3 96
1 97 9 97
1 98 5 99
1 107 10 107
1 108 1 115
1 131 8 131
1 132 9 132
1 133 12 133
1 134 4 135
1 136 11 136
1 137 5 138
1 144 2 147
1 148 9 148
1 149 11 149
1 150 12 150
1 151 9 151
1 165 2 168
1 169 10 169
1 170 3 173
1 179 4 180
1 181 8 181
1 182 5 183
1 184 3 186
1 191 12 191
1 192 4 194
1 195 6 196
1 197 12 197
1 198 5 199
1 200 12 200
1 201 12 201
1 202 11 202
1 212 11 212
1 213 4 214
1 215 12 215
1 216 12 216
1 217 6 218
1 219 1 229
1 230 4 231
1 232 4 233
1 240 9 240
1 241 11 241
1 242 2 246
1 247 4 248
2 8 13 8
2 9 4 11
2 16 3 20
2 21 10 21
2 28 2 35
2 36 12 36
2 49 5 51
2 52 6 53
2 71 3 75
2 76 11 76
2 83 3 87
2 100 3 105
2 108 11 108
2 109 7 110
2 111 7 112
2 113 3 116
2 117 4 119
2 120 5 121
2 126 5 127
2 128 12 128
2 129 5 130
2 158 13 158
2 159 7 160
2 161 12 161
2 204 3 207
2 208 9 208
2 219 2 229
2 234 7 235
2 236 13 236
2 237 12 237
2 239 13 239
3 28 3 35
3 37 6 39
3 55 6 56
3 57 7 58
3 59 12 59
3 61 11 61
3 62 10 62
3 63 12 63
3 64 7 65
3 79 8 80
3 81 14 81
3 82 12 82
3 144 5 146
3 147 14 147
3 162 5 164
3 165 4 168
3 174 5 177
3 219 4 223
3 224 6 226
3 227 7 228
3 229 14 229
3 238 14 238
3 242 11 242
3 243 7 244
3 245 6 246
4 13 14 13
4 14 13 14
4 15 7 17
4 18 13 18
4 19 15 19
4 20 15 20
4 22 12 22
4 23 9 24
4 28 12 28
4 29 12 29
4 30 7 32
4 33 8 34
4 35 13 35
4 40 15 40
4 41 13 41
4 42 12 42
4 68 6 71
4 72 13 72
4 73 6 75
4 83 13 83
4 84 15 84
4 85 12 85
4 86 8 87
4 93 5 96
4 100 5 104
4 105 14 105
4 113 6 115
4 116 14 116
4 124 8 125
4 139 15 139
4 140 15 140
4 141 9 142
4 143 15 143
4 155 12 155
4 156 8 157
4 170 8 171
4 172 8 173
4 184 6 186
4 204 6 206
4 207 15 207
5 0 15 0
5 1 15 1
5 9 7 11
5 44 10 45
5 47 16 47
5 48 16 48
5 77 12 77
5 89 10 90
5 117 12 117
5 118 16 118
5 119 15 119
5 122 15 122
5 123 15 123
5 134 13 134
5 135 16 135
5 152 12 152
5 153 12 153
5 165 9 166
5 167 9 168
5 179 10 180
5 187 8 188
5 192 8 194
5 210 8 211
5 213 16 213
5 214 13 214
5 219 12 219
5 220 6 223
5 230 7 232
5 233 14 233
5 247 12 247
5 248 15 248
6 2 7 5
6 26 11 27
6 49 13 49
6 50 14 50
6 51 13 51
6 93 8 95
6 98 15 98
6 99 15 99
6 100 7 104
6 120 16 120
6 121 16 121
6 126 10 127
6 129 9 130
6 137 17 137
6 138 13 138
6 144 9 146
6 162 14 162
6 163 15 163
6 164 14 164
6 174 8 176
6 177 17 177
6 182 10 183
6 189 17 189
6 198 15 198
6 199 13 199
7 37 9 39
7 52 15 52
7 53 15 53
7 55 14 55
7 56 16 56
7 68 9 70
7 71 18 71
7 73 9 75
7 96 18 96
7 113 10 114
7 115 18 115
7 184 11 185
7 186 14 186
7 195 10 196
7 204 9 206
7 217 18 217
7 218 15 218
7 220 9 222
7 223 18 223
7 224 14 224
7 225 12 226
7 245 10 246
8 2 15 2
8 3 18 3
8 4 12 5
8 9 11 11
8 15 11 17
8 30 10 32
8 46 17 46
8 57 16 57
8 58 18 58
8 64 15 64
8 65 19 65
8 100 11 101
8 102 18 102
8 104 19 104
8 109 12 110
8 111 16 111
8 112 16 112
8 154 19 154
8 160 18 160
8 190 19 190
8 227 13 228
8 230 13 231
8 232 15 232
8 234 19 234
8 235 16 235
8 243 13 244
9 33 18 33
9 34 16 34
9 43 17 43
9 78 12 80
9 86 20 86
9 87 19 87
9 91 17 91
9 93 12 95
9 124 13 125
9 131 17 131
9 156 13 157
9 170 18 170
9 171 10 175
9 181 17 181
9 187 18 187
9 188 20 188
9 192 17 192
9 193 20 193
9 210 12 211
10 6 21 6
10 23 15 24
10 38 20 38
10 39 17 39
10 60 18 60
10 66 18 66
10 68 13 69
10 70 19 70
10 73 18 73
10 74 17 74
10 92 19 92
10 97 17 97
10 130 18 130
10 132 17 132
10 141 14 142
10 144 12 146
10 148 17 148
10 151 20 151
10 159 21 159
10 165 17 165
10 166 15 167
10 168 20 168
10 203 12 206
10 208 20 208
10 220 13 222
10 240 18 240
10 249 18 249
11 25 20 25
11 30 14 31
11 32 22 32
11 37 22 37
11 44 19 44
11 45 22 45
11 62 21 62
11 89 18 89
11 90 18 90
11 107 19 107
11 113 22 113
11 114 20 114
11 126 18 126
11 127 19 127
11 169 21 169
11 171 12 175
11 179 22 179
11 180 18 180
11 182 20 182
11 194 22 194
11 195 18 195
11 196 19 196
11 245 15 246
12 9 15 10
12 11 20 11
12 12 20 12
12 15 15 16
12 17 19 17
12 26 19 26
12 27 22 27
12 54 21 54
12 61 21 61
12 67 23 67
12 75 17 76
12 100 15 101
12 106 19 106
12 108 22 108
12 136 23 136
12 149 19 149
12 178 20 178
12 184 16 185
12 202 23 202
12 209 23 209
12 212 23 212
12 241 23 241
12 242 23 242
13 4 24 4
13 5 24 5
13 21 17 22
13 36 21 36
13 42 20 42
13 59 21 59
13 63 23 63
13 77 24 77
13 79 18 80
13 82 22 82
13 85 24 85
13 88 21 88
13 93 20 93
13 94 22 94
13 95 24 95
13 103 24 103
13 109 17 110
13 128 21 128
13 133 24 133
13 144 16 146
13 150 24 150
13 152 22 152
13 153 21 153
13 155 24 155
13 161 24 161
13 171 21 171
13 172 21 172
13 173 15 175
13 191 20 191
13 197 24 197
13 200 23 200
13 203 23 203
13 204 16 205
13 206 22 206
13 210 22 210
13 211 23 211
13 215 17 216
13 219 24 219
13 225 17 226
13 237 24 237
13 247 21 247
14 7 19 8
14 14 25 14
14 18 23 18
14 35 22 35
14 41 21 41
14 49 24 49
14 51 21 51
14 68 17 69
14 83 25 83
14 124 21 124
14 125 21 125
14 138 23 138
14 156 16 158
14 183 25 183
14 199 21 199
14 201 25 201
14 214 25 214
14 220 17 221
14 222 24 222
14 227 17 228
14 230 23 230
14 236 25 236
14 239 22 239
14 243 22 243
15 13 25 13
15 28 16 31
15 55 26 55
15 78 26 78
15 81 22 81
15 105 23 105
15 116 22 116
15 129 26 129
15 141 24 141
15 162 26 162
15 164 25 164
15 186 26 186
15 233 26 233
15 238 23 238
15 244 26 244
16 1 26 1
16 2 23 2
16 9 23 9
16 10 26 10
16 15 21 16
16 19 24 19
16 20 25 20
16 23 23 23
16 24 23 24
16 40 23 40
16 52 25 52
16 53 25 53
16 84 27 84
16 98 25 98
16 99 25 99
16 100 24 100
16 101 26 101
16 119 26 119
16 122 27 122
16 123 23 123
16 139 26 139
16 140 26 140
16 143 25 143
16 147 27 147
16 163 24 163
16 166 25 166
16 167 27 167
16 173 20 174
16 175 27 175
16 198 27 198
16 207 27 207
16 218 25 218
16 229 27 229
16 232 27 232
16 245 24 245
16 246 24 246
16 248 23 248
17 28 18 31
17 34 28 34
17 47 27 47
17 48 24 48
17 56 27 56
17 64 28 64
17 111 21 112
17 118 26 118
17 120 28 120
17 121 27 121
17 134 22 135
17 144 24 144
17 145 21 146
17 156 21 157
17 158 26 158
17 184 21 185
17 204 22 205
17 213 24 213
17 224 28 224
17 235 27 235
18 21 22 22
18 39 25 39
18 43 27 43
18 46 27 46
18 57 29 57
18 74 27 74
18 75 22 76
18 91 29 91
18 97 29 97
18 109 22 110
18 117 29 117
18 131 25 131
18 132 27 132
18 137 29 137
18 142 29 142
18 148 25 148
18 165 29 165
18 176 29 176
18 181 25 181
18 189 26 189
18 192 25 192
18 215 22 216
18 220 28 220
18 221 28 221
18 225 25 225
18 226 20 228
19 3 26 3
19 28 20 31
19 33 27 33
19 58 26 58
19 60 27 60
19 66 28 66
19 71 22 72
19 73 28 73
19 79 24 80
19 89 26 89
19 96 27 96
19 102 30 102
19 115 28 115
19 130 30 130
19 160 30 160
19 177 30 177
19 180 28 180
19 187 30 187
19 195 30 195
19 217 29 217
19 223 30 223
20 7 31 7
20 8 27 8
20 17 30 17
20 26 27 26
20 65 29 65
20 68 23 70
20 87 28 87
20 92 30 92
20 104 30 104
20 106 24 107
20 127 30 127
20 149 28 149
20 196 28 196
20 231 31 231
20 234 27 234
20 249 31 249
21 11 25 12
21 25 32 25
21 28 23 31
21 38 30 38
21 42 28 42
21 44 32 44
21 86 28 86
21 93 32 93
21 114 28 114
21 126 32 126
21 151 30 151
21 154 32 154
21 168 28 168
21 170 32 170
21 173 31 173
21 174 32 174
21 178 28 178
21 182 32 182
21 188 29 188
21 190 24 191
21 193 29 193
21 208 29 208
21 226 32 226
21 227 28 227
21 228 32 228
22 0 33 0
22 6 31 6
22 15 31 15
22 16 30 16
22 36 30 36
22 41 29 41
22 50 26 51
22 59 30 59
22 61 33 61
22 62 31 62
22 88 32 88
22 111 29 111
22 112 30 112
22 125 33 125
22 128 29 128
22 145 31 145
22 153 33 153
22 156 26 157
22 159 31 159
22 171 29 171
22 172 33 172
22 184 33 184
22 185 31 185
22 199 33 199
22 240 33 240
23 21 28 22
23 27 30 27
23 32 30 32
23 37 30 37
23 45 32 45
23 54 34 54
23 71 32 71
23 72 34 72
23 75 32 75
23 76 30 76
23 81 28 82
23 94 31 94
23 108 34 108
23 109 30 109
23 110 30 110
23 135 31 135
23 146 34 146
23 152 31 152
23 179 32 179
23 194 32 194
23 204 25 206
23 210 30 210
23 215 34 215
23 216 34 216
23 239 33 239
23 243 32 243
24 9 33 9
24 18 33 18
24 23 28 24
24 28 35 28
24 29 29 30
24 31 32 31
24 40 34 40
24 63 35 63
24 67 26 70
24 116 35 116
24 123 35 123
24 136 35 136
24 138 34 138
24 200 33 200
24 202 35 202
24 203 33 203
24 209 35 209
24 211 33 211
24 212 34 212
24 230 34 230
24 238 35 238
24 241 28 242
24 247 27 248
25 4 29 5
25 48 36 48
25 49 34 49
25 77 33 77
25 79 29 80
25 85 32 85
25 95 33 95
25 100 33 100
25 103 34 103
25 105 27 107
25 133 35 133
25 134 36 134
25 141 36 141
25 144 35 144
25 150 34 150
25 155 33 155
25 161 32 161
25 163 35 163
25 190 30 191
25 197 33 197
25 213 32 213
25 219 32 219
25 222 36 222
25 237 34 237
25 245 34 245
25 246 35 246
26 2 37 2
26 11 29 12
26 13 31 14
26 19 37 19
26 20 35 20
26 39 34 39
26 52 34 52
26 53 37 53
26 83 37 83
26 98 36 98
26 124 37 124
26 148 35 148
26 164 37 164
26 166 35 166
26 181 36 181
26 183 33 183
26 192 35 192
26 201 36 201
26 205 35 205
26 206 35 206
26 218 34 218
26 236 37 236
27 1 36 1
27 10 36 10
27 50 38 50
27 55 35 55
27 58 38 58
27 67 29 70
27 78 34 78
27 89 35 89
27 101 34 101
27 118 36 118
27 131 38 131
27 139 38 139
27 156 38 156
27 157 36 157
27 162 36 162
27 186 36 186
27 189 34 189
27 214 38 214
27 233 34 233
27 244 36 244
28 26 35 26
28 33 36 33
28 43 35 43
28 46 32 47
28 51 39 51
28 56 36 56
28 60 37 60
28 74 37 74
28 84 39 84
28 99 39 99
28 105 30 107
28 119 39 119
28 121 32 122
28 129 39 129
28 132 39 132
28 140 39 140
28 143 39 143
28 147 39 147
28 167 36 167
28 198 36 198
28 204 39 204
28 207 36 207
28 229 36 229
28 232 39 232
28 234 33 235
28 247 39 247
28 248 38 248
29 3 40 3
29 8 40 8
29 21 31 24
29 34 36 34
29 35 40 35
29 42 39 42
29 64 38 64
29 66 39 66
29 73 40 73
29 82 37 82
29 86 33 87
29 96 40 96
29 113 32 115
29 120 38 120
29 149 39 149
29 158 40 158
29 168 34 169
29 178 38 178
29 180 36 180
29 196 39 196
29 220 37 220
29 221 36 221
29 224 33 225
29 227 39 227
29 241 32 242
30 4 35 5
30 11 38 11
30 12 37 12
30 30 38 30
30 41 39 41
30 57 39 57
30 65 39 65
30 67 34 68
30 69 35 70
30 79 32 81
30 90 35 91
30 97 38 97
30 111 37 111
30 117 38 117
30 128 38 128
30 137 41 137
30 142 37 142
30 165 40 165
30 171 41 171
30 176 37 176
30 188 39 188
30 193 38 193
30 208 40 208
30 217 40 217
31 16 41 16
31 17 42 17
31 27 42 27
31 29 42 29
31 32 38 32
31 36 34 38
31 59 42 59
31 76 39 76
31 92 38 92
31 102 39 102
31 104 41 104
31 105 42 105
31 106 39 106
31 107 39 107
31 109 39 109
31 112 39 112
31 127 42 127
31 130 41 130
31 151 42 151
31 160 40 160
31 177 41 177
31 187 40 187
31 190 39 190
31 191 38 191
31 210 40 210
31 223 41 223
32 6 40 6
32 7 40 7
32 13 41 13
32 14 36 15
32 21 34 23
32 24 41 24
32 62 42 62
32 94 40 94
32 110 43 110
32 135 39 135
32 145 43 145
32 152 40 152
32 159 43 159
32 173 39 173
32 185 43 185
32 231 39 231
32 249 40 249
33 25 41 25
33 31 43 31
33 44 43 44
33 47 41 47
33 71 44 71
33 75 42 75
33 79 40 79
33 80 40 80
33 81 43 81
33 85 40 85
33 88 41 88
33 93 43 93
33 114 40 114
33 115 44 115
33 121 40 121
33 122 42 122
33 126 42 126
33 154 40 154
33 161 43 161
33 170 42 170
33 174 43 174
33 179 44 179
33 182 41 182
33 194 37 195
33 213 42 213
33 219 42 219
33 226 42 226
33 228 40 228
33 241 36 242
33 243 40 243
34 9 43 9
34 18 42 18
34 61 44 61
34 77 43 77
34 86 43 86
34 87 44 87
34 95 44 95
34 125 44 125
34 155 45 155
34 172 42 172
34 183 38 184
34 197 41 197
34 200 41 200
34 203 45 203
34 211 44 211
34 224 42 224
34 234 38 235
34 239 45 239
34 240 45 240
35 21 39 22
35 23 46 23
35 36 37 38
35 39 46 39
35 49 43 49
35 52 42 52
35 54 42 54
35 67 43 67
35 68 44 68
35 78 43 78
35 100 38 101
35 103 46 103
35 108 44 108
35 138 46 138
35 146 46 146
35 150 45 150
35 168 44 168
35 169 44 169
35 199 46 199
35 215 39 216
35 230 43 230
35 233 43 233
35 237 45 237
36 4 41 5
36 20 45 20
36 26 47 26
36 28 46 28
36 43 44 43
36 45 41 46
36 55 44 55
36 63 43 63
36 69 39 70
36 72 47 72
36 89 38 91
36 116 45 116
36 123 44 123
36 133 45 133
36 136 45 136
36 144 45 144
36 148 43 148
36 163 44 163
36 166 45 166
36 192 46 192
36 202 47 202
36 205 44 205
36 206 45 206
36 209 46 209
36 218 47 218
36 238 47 238
36 245 47 245
36 246 43 246
37 0 42 1
37 14 42 15
37 33 45 33
37 34 44 34
37 48 48 48
37 98 46 98
37 113 48 113
37 134 48 134
37 141 48 141
37 157 45 157
37 162 48 162
37 167 46 167
37 180 42 181
37 186 46 186
37 198 45 198
37 201 47 201
37 207 48 207
37 212 48 212
37 221 45 221
37 222 45 222
37 225 48 225
37 229 48 229
37 241 45 241
37 242 45 242
37 244 48 244
38 2 47 2
38 12 45 12
38 36 40 38
38 40 49 40
38 53 45 53
38 60 45 60
38 74 47 74
38 82 49 82
38 83 49 83
38 111 46 111
38 124 48 124
38 142 48 142
38 164 46 164
38 175 43 176
38 194 43 195
38 220 46 220
38 236 49 236
39 10 42 11
39 30 50 30
39 32 46 32
39 50 49 50
39 58 49 58
39 64 47 64
39 89 40 92
39 101 48 101
39 117 50 117
39 120 49 120
39 128 46 128
39 131 47 131
39 139 49 139
39 153 50 153
39 156 47 156
39 178 50 178
39 183 43 184
39 189 50 189
39 191 48 191
39 193 47 193
39 214 46 214
39 234 50 234
39 235 48 235
39 248 48 248
40 21 43 22
40 41 49 41
40 42 51 42
40 51 48 51
40 57 48 57
40 65 49 65
40 69 50 69
40 70 49 70
40 76 49 76
40 84 48 84
40 99 49 99
40 102 47 102
40 106 50 106
40 107 51 107
40 109 51 109
40 112 50 112
40 119 48 119
40 129 50 129
40 135 49 135
40 140 48 140
40 147 48 147
40 173 50 173
40 188 49 188
40 190 51 190
40 196 51 196
40 204 49 204
40 215 49 215
40 227 47 227
40 231 45 232
40 247 51 247
41 3 48 3
41 6 49 6
41 7 44 8
41 35 44 36
41 37 45 38
41 66 52 66
41 73 50 73
41 79 48 79
41 80 49 80
41 85 52 85
41 89 43 91
41 92 48 92
41 94 48 94
41 96 46 97
41 114 50 114
41 121 52 121
41 152 49 152
41 154 52 154
41 158 52 158
41 160 48 160
41 165 51 165
41 187 52 187
41 208 50 208
41 228 49 228
41 243 52 243
42 4 46 5
42 13 52 13
42 16 49 16
42 24 51 24
42 45 51 45
42 46 47 47
42 88 51 88
42 104 50 104
42 130 50 130
42 137 52 137
42 149 53 149
42 171 49 171
42 177 52 177
42 182 52 182
42 197 50 197
42 200 50 200
42 216 53 216
42 223 52 223
43 0 53 0
43 1 54 1
43 10 48 11
43 14 50 14
43 15 52 15
43 17 46 19
43 25 54 25
43 29 52 29
43 52 50 52
43 54 51 54
43 59 50 59
43 62 50 62
43 75 50 75
43 100 54 100
43 105 54 105
43 118 54 118
43 122 54 122
43 126 47 127
43 151 52 151
43 170 53 170
43 172 54 172
43 180 52 180
43 181 50 181
43 213 52 213
43 224 53 224
43 226 53 226
44 9 53 9
44 21 52 21
44 22 55 22
44 27 55 27
44 31 55 31
44 44 53 44
44 63 52 63
44 67 53 67
44 77 54 77
44 78 53 78
44 81 54 81
44 86 51 86
44 89 55 89
44 90 49 91
44 93 55 93
44 110 52 110
44 145 53 145
44 148 52 148
44 159 53 159
44 161 55 161
44 174 55 174
44 175 48 176
44 183 46 185
44 194 55 194
44 195 52 195
44 219 55 219
44 230 54 230
44 233 53 233
44 246 55 246
45 7 56 7
45 8 54 8
45 34 56 34
45 35 49 36
45 43 53 43
45 55 55 55
45 61 53 61
45 68 56 68
45 71 52 71
45 87 56 87
45 95 53 95
45 108 53 108
45 115 53 115
45 123 56 123
45 125 52 125
45 143 56 143
45 163 53 163
45 168 55 168
45 169 55 169
45 179 53 179
45 210 48 211
46 12 57 12
46 20 55 20
46 33 55 33
46 37 56 37
46 38 53 38
46 53 57 53
46 60 53 60
46 116 53 116
46 132 49 133
46 136 54 136
46 144 57 144
46 150 55 150
46 155 56 155
46 157 57 157
46 166 56 166
46 198 55 198
46 203 54 203
46 205 50 206
46 217 57 217
46 221 55 221
46 222 55 222
46 231 57 231
46 232 57 232
46 239 54 239
46 240 49 242
47 4 50 5
47 17 50 19
47 23 58 23
47 28 58 28
47 39 55 39
47 56 58 56
47 96 50 97
47 98 54 98
47 103 57 103
47 111 58 111
47 128 56 128
47 138 54 138
47 146 57 146
47 164 58 164
47 167 55 167
47 183 49 185
47 186 58 186
47 192 56 192
47 199 58 199
47 214 57 214
47 220 55 220
48 2 59 2
48 26 56 26
48 32 59 32
48 46 52 47
48 64 58 64
48 72 56 72
48 74 57 74
48 126 51 127
48 131 56 131
48 193 58 193
48 201 52 202
48 227 59 227
48 249 59 249
49 3 60 3
49 10 60 10
49 11 60 11
49 48 59 48
49 51 56 51
49 57 56 57
49 79 60 79
49 84 58 84
49 94 58 94
49 113 59 113
49 119 60 119
49 124 56 124
49 134 57 134
49 140 58 140
49 147 59 147
49 160 60 160
49 162 57 162
49 176 57 176
49 191 56 191
49 209 52 211
49 212 59 212
49 225 60 225
49 229 58 229
49 235 56 235
49 244 54 245
49 248 57 248
50 6 61 6
50 16 61 16
50 35 61 35
50 36 60 36
50 40 54 41
50 50 58 50
50 58 61 58
50 65 60 65
50 70 61 70
50 76 61 76
50 80 57 80
50 82 61 82
50 90 54 91
50 99 58 99
50 101 61 101
50 102 61 102
50 120 61 120
50 132 55 133
50 135 58 135
50 142 61 142
50 171 60 171
50 183 52 185
50 188 61 188
50 204 59 204
50 207 61 207
50 215 57 215
50 218 61 218
50 236 59 236
50 240 52 242
51 4 62 4
51 5 60 5
51 14 59 14
51 17 55 18
51 19 58 19
51 30 62 30
51 59 60 59
51 69 62 69
51 73 60 73
51 75 58 75
51 96 62 96
51 97 59 97
51 104 58 104
51 106 62 106
51 112 60 112
51 114 62 114
51 117 62 117
51 129 55 130
51 153 59 153
51 173 61 173
51 178 61 178
51 181 62 181
51 189 62 189
51 200 62 200
51 205 54 206
51 208 62 208
51 234 60 234
51 237 62 237
51 238 62 238
52 24 62 24
52 45 63 45
52 52 63 52
52 54 63 54
52 86 61 86
52 88 62 88
52 107 63 107
52 109 61 109
52 126 62 126
52 127 62 127
52 139 63 139
52 165 59 165
52 175 63 175
52 196 63 196
52 197 63 197
52 247 61 247
53 13 64 13
53 21 62 21
53 29 61 29
53 46 63 46
53 47 63 47
53 49 64 49
53 63 63 63
53 66 64 66
53 71 61 71
53 85 61 85
53 110 63 110
53 125 60 125
53 137 60 137
53 148 64 148
53 151 58 152
53 154 64 154
53 158 64 158
53 177 61 177
53 180 64 180
53 182 62 182
53 183 55 185
53 195 61 195
53 201 62 201
53 202 60 202
53 209 64 209
53 210 63 210
53 211 61 211
53 213 60 213
53 223 60 223
53 240 56 241
53 242 61 242
53 243 64 243
54 0 64 0
54 9 61 9
54 15 65 15
54 38 65 38
54 42 57 43
54 44 64 44
54 60 62 60
54 61 62 61
54 67 61 67
54 78 64 78
54 83 65 83
54 95 65 95
54 115 65 115
54 116 64 116
54 145 62 145
54 149 61 149
54 159 65 159
54 163 62 163
54 179 65 179
54 224 63 224
54 226 63 226
54 233 63 233
55 8 62 8
55 25 63 25
55 40 59 41
55 81 66 81
55 90 64 90
55 91 63 91
55 98 66 98
55 100 63 100
55 105 64 105
55 118 64 118
55 121 59 122
55 136 62 136
55 138 66 138
55 141 66 141
55 172 62 172
55 190 66 190
55 203 62 203
55 205 62 205
55 206 64 206
55 230 66 230
55 239 63 239
55 244 59 245
56 17 59 18
56 20 65 20
56 22 63 22
56 27 67 27
56 31 65 31
56 39 66 39
56 55 64 55
56 89 65 89
56 92 67 92
56 93 64 93
56 108 67 108
56 129 63 129
56 130 64 130
56 132 67 132
56 133 65 133
56 150 65 150
56 156 67 156
56 161 65 161
56 167 61 168
56 174 65 174
56 183 60 184
56 185 65 185
56 194 64 194
56 198 67 198
56 216 67 216
56 219 66 219
56 220 66 220
56 221 67 221
56 222 67 222
56 246 65 246
57 7 68 7
57 26 68 26
57 33 60 34
57 37 68 37
57 51 67 51
57 57 68 57
57 68 67 68
57 72 66 72
57 87 64 87
57 123 68 123
57 124 67 124
57 128 68 128
57 131 65 131
57 143 67 143
57 155 64 155
57 169 68 169
57 191 62 192
57 241 66 241
58 12 66 12
58 42 68 42
58 53 69 53
58 62 69 62
58 74 69 74
58 80 67 80
58 134 68 134
58 144 67 144
58 146 69 146
58 157 67 157
58 162 68 162
58 176 69 176
58 187 69 187
58 214 62 215
58 217 66 217
58 231 68 231
58 232 65 232
58 235 69 235
58 240 69 240
58 248 66 248
59 19 67 19
59 28 67 28
59 56 66 56
59 64 70 64
59 75 68 75
59 84 70 84
59 94 68 94
59 99 67 99
59 103 70 103
59 104 68 104
59 111 68 111
59 135 66 135
59 140 69 140
59 151 69 151
59 152 70 152
59 164 70 164
59 186 66 186
59 193 70 193
59 199 69 199
59 228 64 229
60 1 71 1
60 2 67 2
60 14 67 14
60 17 65 18
60 23 71 23
60 32 71 32
60 40 69 40
60 41 71 41
60 48 68 48
60 50 71 50
60 97 69 97
60 113 69 113
60 121 70 121
60 147 67 147
60 153 71 153
60 165 65 166
60 204 68 204
60 212 69 212
60 227 68 227
60 244 64 245
60 249 71 249
61 3 72 3
61 5 72 5
61 10 64 11
61 33 71 33
61 36 70 36
61 59 72 59
61 73 70 73
61 79 70 79
61 112 71 112
61 119 69 119
61 125 72 125
61 137 70 137
61 160 70 160
61 171 70 171
61 183 68 183
61 184 68 184
61 202 68 202
61 213 68 213
61 223 70 223
61 225 68 225
61 234 69 234
62 9 71 9
62 16 72 16
62 29 69 29
62 34 65 35
62 65 73 65
62 67 73 67
62 70 65 71
62 76 70 76
62 82 70 82
62 86 71 86
62 101 70 101
62 102 70 102
62 109 72 109
62 120 70 120
62 142 70 142
62 149 69 149
62 167 67 168
62 173 72 173
62 177 73 177
62 178 70 178
62 195 73 195
62 207 71 207
62 211 73 211
62 218 73 218
62 242 72 242
62 247 72 247
63 4 71 4
63 8 72 8
63 24 74 24
63 30 74 30
63 60 68 61
63 69 73 69
63 85 74 85
63 88 74 88
63 106 74 106
63 114 74 114
63 117 72 117
63 122 74 122
63 126 70 126
63 127 70 127
63 136 74 136
63 145 71 145
63 163 70 163
63 172 72 172
63 181 71 181
63 188 66 189
63 191 73 191
63 200 74 200
63 201 74 201
63 203 70 203
63 205 71 205
63 208 74 208
63 214 67 215
63 237 68 238
64 25 74 25
64 45 68 46
64 47 74 47
64 54 75 54
64 58 75 58
64 63 71 63
64 91 74 91
64 107 73 107
64 110 75 110
64 129 74 129
64 139 71 139
64 175 75 175
64 192 75 192
64 196 69 197
64 210 71 210
64 224 73 224
64 226 73 226
65 0 75 0
65 10 70 11
65 44 76 44
65 49 76 49
65 55 75 55
65 66 76 66
65 77 68 78
65 87 76 87
65 90 76 90
65 93 72 93
65 96 76 96
65 118 73 118
65 130 72 130
65 148 75 148
65 154 70 155
65 158 73 158
65 180 75 180
65 194 75 194
65 206 75 206
65 228 75 228
65 229 76 229
65 233 76 233
65 243 74 243
65 244 73 244
65 245 73 245
66 6 77 6
66 13 77 13
66 15 74 15
66 17 74 17
66 18 75 18
66 20 69 22
66 31 75 31
66 34 69 35
66 38 73 38
66 52 77 52
66 70 70 71
66 83 77 83
66 89 76 89
66 95 76 95
66 100 77 100
66 115 76 115
66 131 77 131
66 133 77 133
66 159 75 159
66 161 73 161
66 165 77 165
66 166 75 166
66 179 77 179
66 209 77 209
66 232 77 232
67 12 75 12
67 39 74 39
67 56 76 56
67 72 77 72
67 81 78 81
67 98 78 98
67 116 78 116
67 138 78 138
67 170 78 170
67 174 78 174
67 186 75 186
67 188 69 190
67 217 77 217
67 219 70 220
67 230 75 230
67 236 78 236
67 241 74 241
67 248 74 248
68 2 75 2
68 14 78 14
68 19 79 19
68 28 79 28
68 51 79 51
68 68 75 68
68 80 79 80
68 92 78 92
68 105 79 105
68 124 76 124
68 132 79 132
68 141 79 141
68 143 72 144
68 147 78 147
68 156 78 156
68 157 78 157
68 167 77 167
68 168 75 168
68 198 79 198
68 214 70 216
68 221 72 222
68 246 79 246
69 7 79 7
69 26 76 26
69 37 78 37
69 42 74 43
69 45 80 45
69 48 79 48
69 57 79 57
69 60 73 61
69 75 80 75
69 77 80 77
69 78 79 78
69 94 79 94
69 111 79 111
69 123 76 123
69 134 72 135
69 169 77 169
69 183 78 183
69 184 77 184
69 202 78 202
69 204 76 204
69 213 76 213
69 225 80 225
69 227 80 227
69 231 78 231
69 237 79 237
69 238 79 238
70 20 75 21
70 22 81 22
70 29 81 29
70 34 79 34
70 35 78 35
70 40 77 40
70 53 79 53
70 62 77 62
70 97 80 97
70 104 81 104
70 113 78 113
70 128 81 128
70 140 81 140
70 146 81 146
70 149 78 149
70 150 81 150
70 151 81 151
70 176 77 176
70 185 81 185
70 187 78 187
70 188 72 190
70 196 75 197
70 212 78 212
70 234 79 234
70 235 79 235
71 10 74 11
71 36 80 36
71 46 82 46
71 64 78 64
71 71 80 71
71 73 81 73
71 74 82 74
71 79 81 79
71 82 80 82
71 84 79 84
71 101 76 102
71 103 81 103
71 126 82 126
71 127 81 127
71 137 82 137
71 142 79 142
71 152 80 152
71 154 82 154
71 160 82 160
71 162 73 164
71 171 82 171
71 178 82 178
71 193 82 193
71 203 79 203
71 214 80 214
71 215 82 215
71 216 80 216
71 219 75 220
71 223 79 223
71 239 76 240
72 1 83 1
72 4 82 4
72 9 80 9
72 23 83 23
72 32 80 32
72 63 83 63
72 86 79 86
72 99 83 99
72 112 81 112
72 121 83 121
72 139 81 139
72 145 80 145
72 153 82 153
72 181 83 181
72 205 80 205
72 207 81 207
72 210 83 210
72 249 80 249
73 3 81 3
73 5 80 5
73 8 84 8
73 16 81 16
73 41 84 41
73 50 84 50
73 59 80 59
73 93 80 93
73 108 84 108
73 109 84 109
73 125 83 125
73 130 80 130
73 134 83 134
73 135 83 135
73 143 77 144
73 172 82 172
73 173 80 173
73 188 77 189
73 190 82 190
73 221 78 222
73 247 82 247
74 27 85 27
74 33 85 33
74 60 79 61
74 65 84 65
74 69 81 69
74 107 84 107
74 118 83 118
74 158 82 158
74 161 83 161
74 162 76 164
74 177 84 177
74 191 83 191
74 195 85 195
74 211 85 211
74 218 82 218
74 224 85 224
74 226 84 226
74 244 85 244
74 245 85 245
75 10 84 10
75 11 83 11
75 17 85 17
75 24 78 25
75 30 83 30
75 38 80 39
75 42 79 43
75 47 86 47
75 85 86 85
75 88 84 88
75 91 85 91
75 106 84 106
75 114 84 114
75 119 86 119
75 129 86 129
75 136 83 136
75 199 78 201
75 208 84 208
75 241 78 243
75 248 85 248
76 0 85 0
76 2 87 2
76 18 84 18
76 20 79 21
76 31 84 31
76 54 86 54
76 58 83 58
76 67 81 68
76 110 87 110
76 122 87 122
76 148 83 148
76 155 87 155
76 159 87 159
76 166 84 166
76 168 85 168
76 175 85 175
76 180 87 180
76 192 87 192
76 197 87 197
76 206 85 206
76 219 79 220
76 228 84 228
77 26 87 26
77 44 88 44
77 49 87 49
77 55 81 56
77 66 85 66
77 89 80 90
77 95 81 96
77 101 87 101
77 102 88 102
77 115 85 115
77 123 84 123
77 124 84 124
77 162 84 162
77 163 80 164
77 204 84 204
77 213 88 213
77 229 87 229
77 230 88 230
77 233 88 233
77 239 87 239
78 6 85 6
78 13 88 13
78 40 88 40
78 52 89 52
78 62 88 62
78 72 89 72
78 83 89 83
78 131 87 131
78 133 85 133
78 143 88 143
78 144 89 144
78 165 89 165
78 167 86 167
78 169 89 169
78 176 85 176
78 179 86 179
78 184 87 184
78 188 89 188
78 189 87 189
78 209 87 209
78 217 86 217
78 232 89 232
79 14 88 14
79 24 87 24
79 25 87 25
79 35 89 35
79 37 88 37
79 64 89 64
79 76 90 76
79 81 88 81
79 87 90 87
79 92 89 92
79 98 90 98
79 100 90 100
79 116 82 117
79 138 86 138
79 147 87 147
79 149 89 149
79 156 89 156
79 157 86 157
79 170 86 170
79 174 88 174
79 183 90 183
79 186 90 186
79 187 88 187
79 199 89 199
79 200 83 201
79 202 90 202
79 212 86 212
79 221 83 222
79 231 86 231
79 236 86 236
79 240 82 242
80 7 87 7
80 19 84 20
80 21 87 21
80 28 88 28
80 34 91 34
80 42 91 42
80 43 91 43
80 48 89 48
80 51 88 51
80 57 91 57
80 60 84 61
80 70 91 70
80 78 89 78
80 80 91 80
80 84 88 84
80 94 88 94
80 105 91 105
80 111 88 111
80 113 91 113
80 132 88 132
80 141 90 141
80 142 90 142
80 198 87 198
80 203 89 203
80 219 84 220
80 223 89 223
80 234 84 235
80 237 88 237
80 238 89 238
80 246 91 246
81 5 90 5
81 9 91 9
81 36 92 36
81 38 86 39
81 53 92 53
81 59 88 59
81 71 89 71
81 75 90 75
81 82 91 82
81 86 92 86
81 89 84 90
81 93 89 93
81 97 92 97
81 130 90 130
81 145 88 145
81 152 92 152
81 163 92 163
81 164 91 164
81 173 90 173
81 182 92 182
81 194 92 194
81 214 92 214
81 216 89 216
81 225 90 225
81 227 89 227
81 249 92 249
82 15 86 16
82 22 89 22
82 29 91 29
82 55 86 56
82 67 93 67
82 68 86 69
82 73 92 73
82 77 93 77
82 79 90 79
82 95 92 95
82 96 93 96
82 103 92 103
82 104 92 104
82 112 92 112
82 127 93 127
82 128 91 128
82 139 87 140
82 146 89 146
82 150 89 150
82 151 90 151
82 205 93 205
83 3 86 4
83 12 94 12
83 46 94 46
83 74 94 74
83 116 94 116
83 117 90 117
83 126 94 126
83 137 93 137
83 153 87 154
83 158 94 158
83 171 94 171
83 172 93 172
83 178 93 178
83 190 92 190
83 193 93 193
83 207 94 207
83 240 84 243
83 247 93 247
84 1 92 1
84 23 95 23
84 30 92 30
84 45 95 45
84 58 95 58
84 63 92 63
84 118 91 118
84 120 88 121
84 134 92 134
84 135 94 135
84 136 92 136
84 148 95 148
84 160 95 160
84 161 94 161
84 181 92 181
84 185 95 185
84 200 88 201
84 210 95 210
84 221 93 221
84 222 94 222
85 8 95 8
85 10 95 10
85 18 96 18
85 19 93 19
85 31 95 31
85 50 93 50
85 60 90 61
85 65 92 65
85 88 93 88
85 89 93 89
85 99 96 99
85 106 95 106
85 107 93 107
85 108 96 108
85 109 93 109
85 114 94 114
85 123 92 123
85 124 96 124
85 162 92 162
85 166 92 166
85 177 93 177
85 208 96 208
85 218 88 219
85 226 94 226
85 228 96 228
85 234 90 235
85 240 92 240
85 241 96 241
85 242 88 243
86 0 93 0
86 6 96 6
86 11 97 11
86 20 97 20
86 27 95 27
86 33 96 33
86 66 94 66
86 90 90 91
86 115 93 115
86 133 94 133
86 168 95 168
86 175 90 176
86 191 97 191
86 195 95 195
86 206 94 206
86 211 97 211
86 244 90 245
86 248 97 248
87 3 98 3
87 4 96 4
87 15 91 16
87 32 98 32
87 41 98 41
87 47 94 47
87 54 94 54
87 55 98 55
87 56 94 56
87 69 98 69
87 85 96 85
87 119 95 119
87 129 94 129
87 138 98 138
87 157 94 157
87 170 97 170
87 212 98 212
87 217 95 217
87 231 97 231
87 236 95 236
88 2 96 2
88 7 95 7
88 17 99 17
88 21 99 21
88 24 93 25
88 26 96 26
88 38 93 39
88 49 98 49
88 122 97 122
88 125 99 125
88 131 99 131
88 139 93 140
88 147 97 147
88 153 91 154
88 155 99 155
88 159 97 159
88 179 91 180
88 189 95 189
88 192 98 192
88 196 91 198
88 209 99 209
88 229 98 229
88 239 98 239
89 13 100 13
89 14 99 14
89 28 97 28
89 37 99 37
89 40 100 40
89 51 96 51
89 59 97 59
89 62 99 62
89 81 100 81
89 84 99 84
89 102 99 102
89 120 93 121
89 132 100 132
89 143 97 143
89 145 99 145
89 174 100 174
89 187 100 187
89 200 93 201
89 213 97 213
89 218 100 218
89 219 97 219
89 230 98 230
89 233 97 233
89 237 97 237
89 242 93 243
90 35 98 35
90 48 101 48
90 52 98 52
90 64 101 64
90 68 101 68
90 71 95 72
90 78 98 78
90 83 99 83
90 92 100 92
90 93 97 93
90 111 101 111
90 144 101 144
90 149 93 150
90 156 101 156
90 167 101 167
90 169 101 169
90 188 97 188
90 199 101 199
90 203 94 204
90 216 101 216
90 223 95 224
90 227 100 227
90 232 101 232
90 238 98 238
91 5 99 5
91 60 101 60
91 61 101 61
91 75 95 76
91 79 101 79
91 87 101 87
91 90 95 91
91 98 101 98
91 100 102 100
91 117 101 117
91 130 102 130
91 141 98 141
91 142 102 142
91 151 102 151
91 165 102 165
91 175 96 176
91 183 102 183
91 186 98 186
91 202 100 202
91 215 102 215
91 225 99 225
91 234 98 234
91 235 99 235
91 244 101 244
91 245 99 245
92 9 101 9
92 29 102 29
92 34 103 34
92 42 95 44
92 57 99 57
92 70 103 70
92 80 103 80
92 82 101 82
92 101 103 101
92 105 100 105
92 118 100 118
92 128 100 128
92 146 103 146
92 153 102 153
92 154 101 154
92 164 99 164
92 179 103 179
92 180 102 180
92 196 94 198
93 1 100 1
93 15 98 16
93 22 104 22
93 30 101 30
93 36 101 36
93 53 103 53
93 63 104 63
93 65 103 65
93 73 101 73
93 86 100 86
93 94 98 95
93 97 103 97
93 103 104 103
93 104 103 104
93 112 97 113
93 123 102 123
93 134 102 134
93 136 104 136
93 152 104 152
93 162 101 162
93 166 104 166
93 181 100 181
93 182 103 182
93 184 104 184
93 190 104 190
93 194 101 194
93 214 104 214
93 246 104 246
93 249 101 249
94 19 104 19
94 25 105 25
94 39 101 39
94 50 102 50
94 67 104 67
94 77 103 77
94 88 99 89
94 96 102 96
94 107 103 107
94 109 103 109
94 115 104 115
94 120 97 121
94 127 104 127
94 137 101 137
94 139 105 139
94 140 103 140
94 149 103 149
94 172 101 172
94 177 97 178
94 193 104 193
94 200 104 200
94 201 105 201
94 205 102 205
94 220 99 221
94 242 98 243
94 247 104 247
95 12 104 12
95 46 98 47
95 54 106 54
95 56 103 56
95 66 105 66
95 74 106 74
95 110 106 110
95 116 105 116
95 126 105 126
95 129 106 129
95 135 103 135
95 150 106 150
95 157 105 157
95 158 106 158
95 161 104 161
95 171 103 171
95 196 97 198
95 203 104 203
95 204 106 204
95 206 99 207
95 226 105 226
96 7 106 7
96 8 107 8
96 10 107 10
96 23 104 23
96 27 103 27
96 31 107 31
96 42 104 42
96 43 101 44
96 45 103 45
96 58 107 58
96 72 105 72
96 75 103 75
96 76 103 76
96 90 107 90
96 91 104 91
96 106 107 106
96 119 107 119
96 160 104 160
96 168 103 168
96 185 107 185
96 189 104 189
96 195 105 195
96 223 105 223
96 224 107 224
96 236 105 236
97 2 108 2
97 4 105 4
97 6 106 6
97 26 108 26
97 33 108 33
97 38 108 38
97 51 105 51
97 71 108 71
97 85 105 85
97 108 104 108
97 124 108 124
97 175 102 176
97 208 108 208
97 228 106 228
97 240 102 241
98 11 109 11
98 20 107 20
98 24 109 24
98 59 108 59
98 93 107 93
98 112 103 113
98 120 100 122
98 147 105 147
98 170 105 170
98 177 109 177
98 178 105 178
98 188 107 188
98 191 106 191
98 196 109 196
98 197 107 197
98 198 108 198
98 210 103 211
98 219 109 219
98 231 105 231
98 233 107 233
98 248 108 248
99 3 109 3
99 15 108 15
99 16 110 16
99 32 109 32
99 35 106 35
99 41 107 41
99 46 102 47
99 49 106 49
99 52 108 52
99 55 110 55
99 69 110 69
99 78 107 78
99 94 106 94
99 133 110 133
99 138 110 138
99 141 108 141
99 163 110 163
99 186 110 186
99 192 110 192
99 212 108 212
99 222 110 222
99 229 102 230
99 234 106 234
99 237 103 238
99 239 110 239
99 242 104 243
100 0 111 0
100 5 108 5
100 14 108 14
100 17 111 17
100 28 111 28
100 37 111 37
100 57 111 57
100 62 111 62
100 83 110 83
100 84 111 84
100 88 110 88
100 89 111 89
100 102 108 102
100 125 108 125
100 131 110 131
100 145 111 145
100 164 111 164
100 173 111 173
100 207 107 207
100 209 108 209
100 220 108 220
100 225 108 225
100 235 108 235
100 245 111 245
101 1 110 1
101 13 109 13
101 21 112 21
101 40 110 40
101 86 110 86
101 92 110 92
101 105 109 105
101 114 112 114
101 120 104 122
101 128 110 128
101 132 108 132
101 143 112 143
101 174 110 174
101 187 109 187
101 202 109 202
101 217 106 218
101 227 109 227
102 9 109 9
102 30 113 30
102 36 113 36
102 39 109 39
102 43 110 43
102 44 111 44
102 48 112 48
102 60 106 61
102 68 111 68
102 73 111 73
102 79 110 79
102 81 113 81
102 82 111 82
102 87 109 87
102 98 107 99
102 111 110 111
102 117 113 117
102 137 111 137
102 144 112 144
102 154 110 154
102 155 106 156
102 162 113 162
102 167 113 167
102 172 109 172
102 194 111 194
102 199 111 199
102 206 113 206
102 221 113 221
102 244 111 244
103 46 108 47
103 50 111 50
103 64 114 64
103 95 114 95
103 96 114 96
103 100 114 100
103 123 112 123
103 130 112 130
103 134 113 134
103 142 113 142
103 151 114 151
103 153 113 153
103 165 114 165
103 175 108 176
103 180 114 180
103 181 114 181
103 183 112 183
103 205 111 205
103 215 110 215
103 229 108 230
103 240 110 240
103 241 111 241
104 27 112 27
104 34 113 34
104 45 114 45
104 53 111 53
104 56 112 56
104 65 115 65
104 75 109 76
104 77 113 77
104 80 113 80
104 97 115 97
104 101 114 101
104 112 107 113
104 135 115 135
104 146 112 146
104 149 113 149
104 168 111 168
104 171 115 171
104 179 114 179
104 182 111 182
104 210 108 211
104 237 107 238
105 12 116 12
105 18 116 18
105 19 112 19
105 22 114 22
105 23 114 23
105 42 115 42
105 63 114 63
105 91 112 91
105 104 116 104
105 107 116 107
105 108 116 108
105 115 112 115
105 120 108 121
105 122 112 122
105 127 116 127
105 136 114 136
105 140 116 140
105 152 114 152
105 160 109 161
105 166 115 166
105 184 112 184
105 189 109 190
105 193 114 193
105 200 116 200
105 203 112 203
105 213 109 214
105 242 113 242
105 243 116 243
105 246 109 247
106 4 115 4
106 25 117 25
106 51 117 51
106 66 115 66
106 67 117 67
106 72 117 72
106 85 114 85
106 116 116 116
106 139 116 139
106 147 113 147
106 157 113 157
106 169 110 170
106 195 116 195
106 201 114 201
106 223 114 223
106 226 113 226
106 231 115 231
106 236 115 236
107 6 114 6
107 7 115 7
107 35 116 35
107 54 117 54
107 60 111 61
107 94 115 94
107 109 111 110
107 118 118 118
107 129 118 129
107 156 114 156
107 158 116 158
107 178 118 178
107 191 118 191
107 204 114 204
107 216 110 218
107 228 115 228
108 10 119 10
108 31 119 31
108 41 116 41
108 58 116 58
108 74 119 74
108 98 117 98
108 99 118 99
108 106 118 106
108 112 115 112
108 113 119 113
108 119 115 119
108 159 119 159
108 185 116 185
108 188 117 188
108 197 119 197
108 207 116 207
108 224 119 224
108 232 113 233
108 237 116 237
108 249 119 249
109 2 116 2
109 5 116 5
109 8 120 8
109 14 112 15
109 20 120 20
109 26 116 26
109 33 117 33
109 38 120 38
109 46 113 47
109 52 117 52
109 59 120 59
109 70 114 71
109 93 120 93
109 102 117 102
109 103 120 103
109 120 113 121
109 124 117 124
109 125 113 126
109 132 117 132
109 176 118 176
109 198 118 198
109 208 112 209
109 210 118 210
109 211 119 211
109 212 120 212
109 220 116 220
109 225 118 225
109 229 112 230
109 234 112 235
109 238 120 238
109 248 119 248
110 3 120 3
110 11 121 11
110 13 119 13
110 24 118 24
110 29 121 29
110 32 117 32
110 39 119 39
110 49 121 49
110 75 114 76
110 87 118 87
110 105 118 105
110 148 121 148
110 150 121 150
110 160 119 160
110 161 120 161
110 172 118 172
110 175 121 175
110 187 118 187
110 189 113 190
110 196 120 196
110 202 121 202
110 213 115 214
110 219 120 219
110 227 120 227
110 246 118 246
110 247 117 247
111 1 120 1
111 9 122 9
111 40 121 40
111 55 122 55
111 69 122 69
111 78 122 78
111 83 118 83
111 86 120 86
111 88 121 88
111 92 122 92
111 111 120 111
111 128 122 128
111 131 119 131
111 133 121 133
111 138 121 138
111 154 115 155
111 163 121 163
111 169 118 169
111 170 122 170
111 174 118 174
111 186 119 186
111 192 122 192
111 215 116 216
111 217 122 217
111 218 122 218
111 222 119 222
111 239 118 239
111 240 122 240
112 0 123 0
112 17 121 17
112 37 121 37
112 43 117 44
112 50 120 50
112 53 122 53
112 57 121 57
112 60 115 61
112 62 123 62
112 68 121 68
112 82 123 82
112 84 123 84
112 89 120 89
112 110 120 110
112 137 122 137
112 145 121 145
112 164 121 164
112 168 122 168
112 173 120 173
112 182 123 182
112 194 123 194
112 199 122 199
112 205 120 205
112 241 121 241
112 244 116 245
113 14 122 14
113 15 116 16
113 19 121 19
113 21 122 21
113 27 118 28
113 48 122 48
113 56 121 56
113 90 117 91
113 109 124 109
113 114 122 114
113 115 121 115
113 122 116 123
113 130 120 130
113 143 124 143
113 144 124 144
113 146 121 146
113 183 116 184
113 203 121 203
113 208 116 209
113 229 116 230
113 234 118 235
114 30 124 30
114 34 123 34
114 36 121 36
114 46 124 46
114 47 122 47
114 77 122 77
114 80 118 81
114 117 123 117
114 120 117 121
114 125 125 125
114 126 125 126
114 134 125 134
114 141 125 141
114 147 123 147
114 149 123 149
114 153 123 153
114 157 122 157
114 162 122 162
114 167 125 167
114 177 125 177
114 189 118 190
114 206 125 206
114 221 123 221
114 226 121 226
114 232 121 232
114 233 124 233
114 242 123 242
115 22 126 22
115 23 126 23
115 45 123 45
115 63 126 63
115 71 124 71
115 73 126 73
115 75 119 76
115 85 125 85
115 95 123 95
115 96 126 96
115 100 124 100
115 101 123 101
115 136 122 136
115 142 126 142
115 151 118 152
115 156 125 156
115 165 126 165
115 179 125 179
115 180 126 180
115 181 126 181
115 193 123 193
115 201 125 201
115 204 126 204
115 223 123 223
116 4 127 4
116 6 120 7
116 42 126 42
116 60 120 61
116 64 127 64
116 65 127 65
116 66 124 66
116 94 123 94
116 97 127 97
116 112 125 112
116 119 124 119
116 135 125 135
116 154 127 154
116 155 124 155
116 166 127 166
116 171 126 171
116 213 120 214
116 228 125 228
116 231 123 231
116 236 127 236
117 2 124 2
117 5 126 5
117 15 128 15
117 16 128 16
117 18 124 18
117 26 128 26
117 35 128 35
117 41 127 41
117 58 127 58
117 104 125 104
117 107 120 108
117 116 128 116
117 122 121 123
117 127 128 127
117 139 120 140
117 158 126 158
117 183 125 183
117 184 121 185
117 195 128 195
117 200 127 200
117 207 120 208
117 209 127 209
117 215 128 215
117 216 125 216
117 229 128 229
117 230 126 230
117 237 126 237
117 243 128 243
117 244 125 244
117 245 125 245
118 25 129 25
118 43 126 43
118 44 125 44
118 51 127 51
118 52 129 52
118 54 129 54
118 67 127 67
118 79 129 79
118 90 121 91
118 98 127 98
118 102 129 102
118 120 123 121
118 124 128 124
118 132 127 132
118 188 126 188
118 220 129 220
118 247 129 247
119 24 130 24
119 27 130 27
119 28 129 28
119 72 130 72
119 80 123 81
119 83 129 83
119 87 127 87
119 99 128 99
119 105 124 106
119 118 126 118
119 129 126 129
119 151 122 152
119 174 130 174
119 176 126 176
119 178 129 178
119 187 128 187
119 189 123 190
119 191 128 191
119 198 127 198
119 210 127 210
119 225 127 225
119 234 123 235
119 239 127 239
120 10 131 10
120 12 123 13
120 31 128 31
120 39 130 39
120 74 123 75
120 76 131 76
120 113 128 113
120 131 131 131
120 159 129 159
120 160 131 160
120 186 131 186
120 211 131 211
120 222 131 222
120 224 129 224
120 248 125 249
121 1 131 1
121 3 128 3
121 6 124 7
121 8 132 8
121 20 132 20
121 38 130 38
121 50 128 50
121 59 129 59
121 60 131 60
121 61 132 61
121 86 131 86
121 89 129 89
121 93 132 93
121 103 132 103
121 107 129 107
121 108 130 108
121 110 126 111
121 130 132 130
121 139 128 139
121 140 130 140
121 161 129 161
121 172 125 173
121 196 132 196
121 207 130 207
121 208 131 208
121 212 132 212
121 213 125 214
121 219 132 219
121 227 130 227
121 238 132 238
122 11 129 11
122 29 132 29
122 36 127 37
122 40 130 40
122 49 129 49
122 56 133 56
122 57 130 57
122 70 133 70
122 88 131 88
122 90 127 91
122 115 133 115
122 122 131 122
122 123 133 123
122 133 133 133
122 138 130 138
122 145 125 146
122 148 133 148
122 150 129 150
122 163 127 164
122 175 130 175
122 184 126 185
122 202 132 202
122 203 131 203
122 205 133 205
122 226 132 226
122 232 131 232
122 241 133 241
123 9 131 9
123 14 132 14
123 21 133 21
123 32 134 32
123 47 131 47
123 48 134 48
123 53 134 53
123 55 131 55
123 68 126 69
123 78 134 78
123 92 134 92
123 114 134 114
123 136 131 136
123 137 132 137
123 151 127 152
123 157 132 157
123 162 132 162
123 168 130 168
123 169 127 170
123 192 134 192
123 199 131 199
123 217 130 217
123 218 131 218
123 240 132 240
123 246 134 246
124 12 129 13
124 34 135 34
124 45 132 45
124 62 132 62
124 74 134 74
124 75 133 75
124 80 133 80
124 81 129 82
124 84 134 84
124 94 134 94
124 95 134 95
124 101 135 101
124 117 135 117
124 120 128 121
124 128 135 128
124 147 135 147
124 149 135 149
124 182 135 182
124 189 128 190
124 193 128 194
124 221 133 221
124 223 132 223
124 231 135 231
124 234 135 234
124 235 133 235
125 2 134 2
125 7 133 7
125 17 127 19
125 30 134 30
125 46 134 46
125 71 134 71
125 100 135 100
125 105 129 106
125 119 136 119
125 143 130 144
125 153 136 153
125 155 133 155
125 197 136 197
125 233 132 233
125 242 136 242
126 0 137 0
126 44 137 44
126 85 134 85
126 104 135 104
126 109 137 109
126 112 136 112
126 125 134 125
126 126 134 126
126 134 137 134
126 135 136 135
126 141 135 141
126 145 137 145
126 146 134 146
126 156 135 156
126 167 134 167
126 172 137 172
126 173 135 173
126 177 134 177
126 179 134 179
126 183 133 183
126 201 136 201
126 206 137 206
126 213 136 213
126 214 135 214
126 216 137 216
126 228 133 228
126 244 131 245
126 248 137 248
126 249 134 249
127 5 135 5
127 22 135 22
127 23 136 23
127 42 137 42
127 43 138 43
127 63 138 63
127 68 130 69
127 96 134 96
127 110 130 111
127 118 137 118
127 129 134 129
127 142 138 142
127 158 137 158
127 171 137 171
127 176 137 176
127 180 130 181
127 184 131 185
127 188 138 188
127 204 138 204
127 230 137 230
128 4 136 4
128 17 131 19
128 36 133 37
128 41 137 41
128 51 135 51
128 64 131 66
128 67 139 67
128 87 139 87
128 90 132 91
128 97 136 97
128 98 139 98
128 132 135 132
128 151 132 152
128 154 136 154
128 163 132 164
128 166 138 166
128 169 131 170
128 198 139 198
128 200 135 200
128 209 132 210
128 225 136 225
128 236 133 237
128 239 135 239
129 3 136 3
129 15 139 15
129 16 138 16
129 31 136 31
129 35 140 35
129 50 140 50
129 73 140 73
129 99 140 99
129 113 140 113
129 116 137 116
129 120 132 121
129 124 140 124
129 139 136 139
129 165 140 165
129 187 136 187
129 189 134 190
129 191 140 191
129 193 134 194
129 195 137 195
129 215 139 215
129 229 138 229
129 243 140 243
130 6 141 6
130 11 133 13
130 25 139 25
130 26 141 26
130 28 141 28
130 49 141 49
130 52 141 52
130 54 140 54
130 58 135 59
130 79 141 79
130 82 138 82
130 89 139 89
130 102 138 102
130 105 139 105
130 106 134 107
130 150 141 150
130 159 139 159
130 161 137 161
130 178 141 178
130 220 138 220
130 224 141 224
130 247 138 247
131 24 142 24
131 27 139 27
131 38 134 39
131 40 142 40
131 57 142 57
131 68 142 68
131 69 139 69
131 72 141 72
131 108 142 108
131 127 142 127
131 138 142 138
131 140 141 140
131 143 135 144
131 168 138 168
131 174 135 175
131 180 134 181
131 207 139 207
131 217 139 217
131 227 141 227
132 9 135 10
132 17 134 19
132 55 142 55
132 60 141 60
132 64 139 64
132 65 140 65
132 66 143 66
132 76 141 76
132 86 143 86
132 88 141 88
132 122 140 122
132 131 140 131
132 136 143 136
132 160 140 160
132 169 136 170
132 184 134 186
132 199 142 199
132 203 143 203
132 208 139 208
132 211 139 211
132 218 141 218
132 244 136 245
133 8 142 8
133 20 143 20
133 29 142 29
133 45 143 45
133 61 136 62
133 83 144 83
133 90 138 91
133 103 140 103
133 121 140 121
133 130 144 130
133 137 140 137
133 151 144 151
133 152 144 152
133 157 141 157
133 162 140 162
133 163 137 164
133 196 140 196
133 202 140 202
133 209 141 209
133 210 142 210
133 219 143 219
133 226 142 226
133 232 137 233
133 238 144 238
133 240 142 240
134 1 145 1
134 7 141 7
134 11 138 12
134 13 145 13
134 14 145 14
134 36 145 36
134 37 144 37
134 56 141 56
134 70 144 70
134 75 141 75
134 77 145 77
134 80 145 80
134 93 145 93
134 110 139 111
134 115 144 115
134 120 145 120
134 123 145 123
134 133 141 133
134 148 145 148
134 155 144 155
134 183 142 183
134 212 145 212
134 221 139 222
134 228 145 228
134 235 141 235
134 236 144 236
134 241 142 241
135 2 146 2
135 17 145 17
135 18 143 18
135 19 142 19
135 30 146 30
135 38 145 38
135 39 145 39
135 46 146 46
135 47 140 48
135 71 146 71
135 74 146 74
135 78 145 78
135 84 139 85
135 92 146 92
135 94 145 94
135 95 145 95
135 96 146 96
135 106 139 107
135 114 146 114
135 125 142 125
135 126 146 126
135 129 146 129
135 167 142 167
135 179 143 179
135 180 143 180
135 181 143 181
135 184 145 184
135 185 146 185
135 186 142 186
135 189 146 189
135 190 146 190
135 192 137 194
135 205 146 205
135 246 142 246
135 249 143 249
136 9 146 9
136 10 147 10
136 22 145 22
136 34 143 34
136 51 144 51
136 53 147 53
136 58 146 58
136 59 144 59
136 100 141 101
136 104 147 104
136 117 144 117
136 128 144 128
136 132 143 132
136 141 143 141
136 143 139 144
136 146 140 147
136 149 147 149
136 173 139 174
136 175 145 175
136 177 147 177
136 182 146 182
136 200 146 200
136 214 144 214
136 234 146 234
136 239 144 239
137 3 147 3
137 4 144 4
137 21 148 21
137 23 148 23
137 31 147 31
137 61 148 61
137 62 146 62
137 97 147 97
137 112 147 112
137 119 147 119
137 135 145 135
137 139 147 139
137 153 142 154
137 169 140 170
137 187 147 187
137 201 146 201
137 213 146 213
137 223 148 223
137 225 146 225
137 242 146 242
137 244 144 244
138 0 149 0
138 32 149 32
138 41 141 42
138 44 149 44
138 109 148 109
138 116 149 116
138 118 148 118
138 134 148 134
138 161 147 161
138 163 148 163
138 164 148 164
138 171 147 171
138 172 148 172
138 176 149 176
138 192 145 192
138 193 149 193
138 194 142 195
138 206 147 206
138 216 149 216
138 230 146 230
138 231 143 232
138 233 147 233
138 237 149 237
138 248 146 248
139 11 143 12
139 16 146 16
139 43 150 43
139 63 148 63
139 82 150 82
139 90 144 91
139 102 150 102
139 142 150 142
139 145 150 145
139 166 148 166
139 168 149 168
139 188 150 188
139 204 150 204
139 220 147 220
139 229 149 229
139 247 146 247
140 15 147 15
140 27 149 27
140 64 148 64
140 67 151 67
140 69 149 69
140 84 144 85
140 87 151 87
140 89 148 89
140 98 149 98
140 105 143 106
140 107 147 107
140 143 150 143
140 158 145 159
140 173 145 174
140 197 144 198
140 208 148 208
140 211 150 211
140 215 147 215
140 217 149 217
140 221 150 221
140 222 149 222
140 245 151 245
141 5 152 5
141 25 152 25
141 47 148 47
141 48 148 48
141 54 148 54
141 65 151 65
141 99 148 99
141 103 150 103
141 111 152 111
141 113 149 113
141 121 149 121
141 122 150 122
141 124 150 124
141 131 152 131
141 137 148 137
141 147 151 147
141 160 149 160
141 165 148 165
141 191 152 191
141 196 150 196
141 202 152 202
142 6 149 6
142 7 151 7
142 26 149 26
142 33 153 33
142 41 146 42
142 49 146 50
142 52 149 52
142 56 149 56
142 60 153 60
142 72 150 72
142 75 152 75
142 79 149 79
142 81 153 81
142 88 150 88
142 100 151 100
142 101 149 101
142 133 150 133
142 140 149 140
142 144 153 144
142 146 153 146
142 157 152 157
142 162 153 162
142 169 153 169
142 178 151 178
142 218 152 218
142 224 151 224
142 227 150 227
142 235 152 235
143 19 154 19
143 24 153 24
143 28 148 29
143 40 151 40
143 57 152 57
143 68 153 68
143 73 154 73
143 108 153 108
143 125 152 125
143 127 154 127
143 138 151 138
143 150 154 150
143 153 147 154
143 167 150 167
143 183 151 183
143 186 154 186
143 194 147 195
143 209 148 210
143 226 153 226
143 240 154 240
143 241 154 241
143 246 152 246
144 11 154 11
144 12 151 12
144 18 155 18
144 20 155 20
144 34 148 35
144 45 154 45
144 55 155 55
144 66 155 66
144 86 152 86
144 105 147 106
144 132 153 132
144 136 151 136
144 141 153 141
144 179 147 181
144 199 155 199
144 203 153 203
144 207 155 207
144 219 155 219
144 232 153 232
144 249 155 249
145 4 153 4
145 37 154 37
145 59 156 59
145 70 152 70
145 83 153 83
145 84 148 85
145 90 150 91
145 117 156 117
145 130 152 130
145 151 153 151
145 152 155 152
145 155 156 155
145 197 150 198
145 214 154 214
145 238 155 238
146 1 154 1
146 13 150 14
146 17 154 17
146 22 153 22
146 36 157 36
146 38 155 38
146 39 154 39
146 76 149 77
146 78 157 78
146 80 155 80
146 93 149 94
146 95 153 95
146 123 155 123
146 135 154 135
146 148 155 148
146 158 149 159
146 173 148 175
146 184 154 184
146 192 155 192
146 212 157 212
146 228 156 228
146 243 157 243
147 2 156 2
147 8 152 9
147 16 155 16
147 30 156 30
147 41 151 42
147 46 158 46
147 49 149 51
147 62 154 62
147 71 158 71
147 74 158 74
147 92 158 92
147 114 151 115
147 126 157 126
147 128 151 129
147 182 158 182
147 185 158 185
147 189 155 189
147 200 152 201
147 225 155 225
147 230 150 231
147 234 154 234
147 242 158 242
147 247 152 248
148 3 158 3
148 15 155 15
148 31 155 31
148 53 159 53
148 58 159 58
148 96 153 97
148 104 152 105
148 106 156 106
148 107 156 107
148 110 159 110
148 112 159 112
148 119 158 119
148 120 159 120
148 139 157 139
148 149 159 149
148 153 152 154
148 161 155 161
148 170 152 171
148 177 158 177
148 179 151 181
148 187 156 187
148 194 157 194
148 195 157 195
148 205 153 206
148 215 156 215
148 220 158 220
148 233 156 233
149 21 157 21
149 23 158 23
149 28 157 28
149 29 159 29
149 34 158 34
149 35 160 35
149 47 158 47
149 54 160 54
149 63 159 63
149 64 158 64
149 84 152 85
149 89 160 89
149 99 160 99
149 109 160 109
149 118 156 118
149 134 160 134
149 137 157 137
149 156 160 156
149 163 158 163
149 164 153 165
149 166 156 166
149 172 157 172
149 173 158 173
149 174 156 174
149 175 158 175
149 190 160 190
149 208 159 208
149 209 153 210
149 239 160 239
150 0 161 0
150 6 157 6
150 26 159 26
150 27 159 27
150 32 161 32
150 44 158 44
150 48 151 51
150 52 158 52
150 69 160 69
150 76 158 76
150 79 157 79
150 93 160 93
150 94 157 94
150 98 157 98
150 101 161 101
150 113 158 113
150 121 161 121
150 158 152 160
150 168 157 168
150 176 157 176
150 193 161 193
150 216 157 216
150 222 155 223
150 229 158 229
150 237 161 237
150 244 161 244
151 10 162 10
151 13 158 13
151 14 161 14
151 43 160 43
151 56 162 56
151 61 162 61
151 72 159 72
151 82 162 82
151 88 158 88
151 90 155 91
151 102 159 102
151 103 161 103
151 122 161 122
151 124 162 124
151 133 159 133
151 142 154 143
151 145 162 145
151 167 160 167
151 188 162 188
151 196 159 196
151 197 154 198
151 204 159 204
151 211 160 211
151 213 162 213
151 217 162 217
151 227 160 227
151 230 154 231
151 236 162 236
152 7 160 7
152 12 162 12
152 42 159 42
152 48 153 51
152 65 161 65
152 67 159 67
152 87 159 87
152 100 161 100
152 114 155 115
152 116 163 116
152 128 163 128
152 129 162 129
152 136 159 136
152 138 159 138
152 140 163 140
152 147 160 147
152 178 161 178
152 179 154 181
152 183 160 183
152 221 163 221
152 224 161 224
153 5 163 5
153 8 157 9
153 25 162 25
153 41 164 41
153 57 161 57
153 70 162 70
153 75 163 75
153 77 164 77
153 85 164 85
153 86 164 86
153 104 158 105
153 111 164 111
153 125 162 125
153 130 160 130
153 153 156 154
153 157 156 158
153 159 164 159
153 160 162 160
153 170 157 171
153 191 161 191
153 200 160 200
153 201 157 202
153 218 163 218
153 235 162 235
153 245 156 246
153 247 157 248
154 4 161 4
154 22 163 22
154 24 165 24
154 33 161 33
154 40 165 40
154 48 158 49
154 50 157 51
154 60 165 60
154 68 161 68
154 81 163 81
154 83 164 83
154 95 163 95
154 96 164 96
154 97 162 97
154 108 163 108
154 131 157 132
154 146 161 146
154 151 161 151
154 162 161 162
154 164 159 165
154 169 162 169
154 203 163 203
154 205 157 206
154 209 159 210
154 226 163 226
154 232 165 232
155 1 166 1
155 11 166 11
155 17 163 17
155 19 163 19
155 39 163 39
155 45 163 45
155 62 166 62
155 73 166 73
155 127 162 127
155 135 166 135
155 141 157 144
155 150 164 150
155 179 157 181
155 197 163 197
155 214 166 214
155 230 163 230
155 231 166 231
155 234 163 234
155 240 163 240
155 241 163 241
156 15 167 15
156 16 167 16
156 18 166 18
156 31 164 31
156 37 160 38
156 55 165 55
156 66 164 66
156 80 164 80
156 114 165 114
156 115 165 115
156 148 163 148
156 152 165 152
156 161 165 161
156 189 164 189
156 192 164 192
156 198 159 199
156 207 167 207
156 219 164 219
156 222 163 222
156 225 166 225
156 238 166 238
156 249 163 249
157 2 168 2
157 30 164 30
157 59 167 59
157 84 168 84
157 91 168 91
157 106 168 106
157 107 164 107
157 117 165 117
157 118 168 118
157 153 168 153
157 154 161 155
157 157 165 157
157 158 168 158
157 166 165 166
157 187 165 187
157 215 165 215
157 228 168 228
157 233 164 233
157 245 167 245
157 246 166 246
158 6 169 6
158 8 169 8
158 9 168 9
158 20 163 21
158 36 168 36
158 50 168 50
158 51 168 51
158 78 163 79
158 94 165 94
158 98 167 98
158 126 166 126
158 131 162 132
158 137 169 137
158 139 167 139
158 141 160 143
158 144 167 144
158 168 169 168
158 170 165 170
158 171 168 171
158 172 166 172
158 174 169 174
158 176 167 176
158 179 169 179
158 180 162 181
158 194 168 194
158 195 166 195
158 201 163 202
158 205 166 205
158 206 168 206
158 216 169 216
158 223 169 223
158 243 169 243
158 247 161 248
159 3 170 3
159 13 168 13
159 23 167 23
159 34 170 34
159 44 166 44
159 46 164 47
159 48 164 49
159 52 170 52
159 71 167 71
159 74 167 74
159 76 170 76
159 88 167 88
159 92 170 92
159 104 169 104
159 105 170 105
159 113 168 113
159 119 167 119
159 163 169 163
159 175 170 175
159 177 168 177
159 182 169 182
159 184 170 184
159 185 164 186
159 220 169 220
159 229 167 229
159 242 167 242
160 26 163 28
160 42 171 42
160 53 168 53
160 58 169 58
160 63 164 64
160 67 171 67
160 72 171 72
160 87 171 87
160 102 170 102
160 110 169 110
160 112 171 112
160 120 170 120
160 123 171 123
160 133 170 133
160 138 171 138
160 164 165 165
160 196 170 196
160 198 165 199
160 204 171 204
160 208 165 209
160 210 168 210
161 7 168 7
161 35 172 35
161 37 171 37
161 38 168 38
161 54 170 54
161 69 171 69
161 89 166 90
161 93 170 93
161 99 171 99
161 109 172 109
161 130 170 130
161 134 170 134
161 141 164 142
161 143 168 143
161 147 171 147
161 149 172 149
161 156 172 156
161 167 168 167
161 183 169 183
161 190 171 190
161 200 172 200
161 211 165 212
161 227 169 227
161 239 171 239
162 4 173 4
162 57 170 57
162 65 173 65
162 68 173 68
162 100 165 101
162 103 172 103
162 121 171 121
162 146 169 146
162 151 170 151
162 154 166 155
162 162 171 162
162 178 169 178
162 191 169 191
162 193 171 193
162 224 170 224
162 237 172 237
162 244 173 244
162 247 165 248
163 0 174 0
163 12 170 12
163 25 173 25
163 29 174 29
163 43 174 43
163 56 171 56
163 61 171 61
163 70 174 70
163 82 170 82
163 97 172 97
163 125 174 125
163 127 172 127
163 131 174 131
163 132 172 132
163 145 171 145
163 160 174 160
163 169 171 169
163 180 168 181
163 188 173 188
163 213 171 213
163 217 172 217
163 235 172 235
163 236 171 236
164 19 169 20
164 21 174 21
164 22 174 22
164 26 167 28
164 39 175 39
164 45 173 45
164 78 168 79
164 81 175 81
164 95 171 95
164 108 172 108
164 116 174 116
164 128 174 128
164 148 172 148
164 197 172 197
164 201 169 202
164 203 171 203
164 218 175 218
164 221 171 221
164 222 174 222
164 226 174 226
164 230 172 230
164 234 173 234
164 240 169 241
164 249 175 249
165 30 168 31
165 46 174 46
165 47 172 47
165 48 176 48
165 49 176 49
165 63 172 63
165 64 175 64
165 66 175 66
165 77 175 77
165 80 173 80
165 83 176 83
165 85 175 85
165 86 176 86
165 96 173 96
165 107 172 107
165 111 176 111
165 136 176 136
165 141 174 141
165 142 173 142
165 150 176 150
165 173 176 173
165 185 168 186
165 189 174 189
165 219 173 219
165 233 176 233
166 10 177 10
166 24 177 24
166 40 170 41
166 55 173 55
166 60 174 60
166 94 177 94
166 100 170 101
166 114 169 115
166 129 177 129
166 152 176 152
166 157 173 157
166 161 176 161
166 164 175 164
166 165 175 165
166 166 175 166
166 187 176 187
166 198 177 198
166 199 173 199
166 208 170 209
166 211 177 211
166 212 177 212
166 215 174 215
166 232 176 232
166 247 169 248
167 1 176 1
167 11 177 11
167 17 171 18
167 44 178 44
167 62 174 62
167 73 176 73
167 75 178 75
167 89 175 89
167 90 178 90
167 126 175 126
167 135 177 135
167 155 176 155
167 195 178 195
167 205 176 205
167 214 174 214
167 225 178 225
167 231 175 231
167 238 176 238
168 14 171 16
168 23 179 23
168 26 179 26
168 27 178 27
168 28 176 28
168 32 179 32
168 59 178 59
168 71 178 71
168 74 177 74
168 88 178 88
168 98 179 98
168 119 179 119
168 139 176 139
168 159 179 159
168 176 176 176
168 207 179 207
168 229 178 229
168 242 175 242
169 2 180 2
169 5 180 5
169 7 179 7
169 9 180 9
169 13 177 13
169 30 174 31
169 36 179 36
169 38 178 38
169 50 173 51
169 53 177 53
169 78 176 78
169 79 179 79
169 84 179 84
169 91 176 91
169 106 180 106
169 113 179 113
169 117 172 118
169 143 180 143
169 144 180 144
169 153 174 154
169 158 178 158
169 167 180 167
169 170 172 172
169 177 177 177
169 180 179 180
169 181 180 181
169 185 180 185
169 186 177 186
169 194 179 194
169 206 178 206
169 228 176 228
169 246 180 246
170 6 179 6
170 8 177 8
170 19 178 19
170 58 178 58
170 104 181 104
170 114 178 114
170 115 178 115
170 124 181 124
170 137 180 137
170 146 177 146
170 163 180 163
170 168 178 168
170 178 181 178
170 179 177 179
170 182 177 182
170 183 177 183
170 191 175 192
170 201 174 202
170 216 177 216
170 220 178 220
170 223 177 223
170 227 181 227
170 240 174 241
170 243 181 243
170 248 179 248
171 3 179 3
171 12 182 12
171 20 182 20
171 40 176 41
171 52 179 52
171 54 182 54
171 57 182 57
171 76 181 76
171 82 179 82
171 92 176 93
171 100 173 102
171 105 182 105
171 120 182 120
171 122 182 122
171 130 182 130
171 133 179 133
171 134 182 134
171 151 179 151
171 174 182 174
171 175 179 175
171 184 178 184
171 196 179 196
171 208 173 210
171 224 180 224
171 245 182 245
171 247 182 247
172 14 174 16
172 18 180 18
172 34 183 34
172 42 179 42
172 56 180 56
172 61 179 61
172 69 181 69
172 72 180 72
172 95 180 95
172 123 183 123
172 138 180 138
172 145 181 145
172 147 179 147
172 162 179 162
172 169 183 169
172 190 182 190
172 193 180 193
172 203 175 204
172 213 181 213
172 221 182 221
172 236 183 236
172 239 183 239
173 35 181 35
173 47 184 47
173 63 183 63
173 97 180 97
173 103 184 103
173 107 177 108
173 110 184 110
173 112 184 112
173 117 181 117
173 118 182 118
173 121 184 121
173 127 180 127
173 148 183 148
173 149 182 149
173 156 182 156
173 170 176 172
173 200 182 200
173 217 180 217
173 230 183 230
173 235 182 235
173 237 184 237
174 4 181 4
174 33 185 33
174 50 185 50
174 51 182 51
174 55 183 55
174 65 182 65
174 67 178 68
174 80 183 80
174 96 182 96
174 99 177 100
174 101 182 101
174 102 185 102
174 142 185 142
174 157 182 157
174 188 185 188
174 199 183 199
174 208 176 210
174 219 183 219
174 234 182 234
175 14 177 16
175 21 186 21
175 29 180 30
175 31 183 31
175 43 182 43
175 45 180 46
175 60 186 60
175 62 186 62
175 70 185 70
175 116 183 116
175 125 184 125
175 128 182 128
175 131 183 131
175 141 186 141
175 154 183 154
175 160 184 160
175 189 184 189
175 201 186 201
175 214 185 214
175 215 184 215
175 222 186 222
175 226 186 226
175 240 180 241
176 0 187 0
176 39 185 39
176 64 184 64
176 66 183 66
176 77 186 77
176 81 183 81
176 85 185 85
176 89 183 89
176 109 187 109
176 126 184 126
176 164 183 164
176 165 183 165
176 166 186 166
176 191 181 192
176 202 187 202
176 203 181 204
176 218 186 218
176 231 187 231
176 249 184 249
177 40 184 40
177 41 186 41
177 48 187 48
177 49 188 49
177 73 184 73
177 78 186 78
177 83 186 83
177 86 185 86
177 87 188 87
177 91 187 91
177 92 186 92
177 93 186 93
177 111 188 111
177 136 188 136
177 139 184 139
177 150 188 150
177 152 186 152
177 170 180 172
177 173 185 173
177 176 184 176
177 187 185 187
177 205 186 205
177 208 186 208
177 209 180 210
177 228 184 228
177 232 186 232
177 233 187 233
177 238 186 238
178 1 189 1
178 8 188 8
178 10 181 11
178 13 182 14
178 15 186 15
178 16 188 16
178 24 183 25
178 37 189 37
178 74 186 74
178 94 189 94
178 99 188 99
178 100 185 100
178 107 182 108
178 129 188 129
178 146 186 146
178 153 189 153
178 177 187 177
178 179 186 179
178 182 187 182
178 183 186 183
178 186 187 186
178 197 182 198
178 212 189 212
178 216 188 216
178 223 188 223
179 19 188 19
179 22 190 22
179 27 189 27
179 28 190 28
179 38 186 38
179 44 190 44
179 58 183 59
179 67 182 68
179 71 189 71
179 75 188 75
179 90 186 90
179 114 187 114
179 115 188 115
179 135 190 135
179 168 187 168
179 184 190 184
179 195 187 195
179 206 188 206
179 211 190 211
179 220 190 220
179 229 190 229
180 3 188 3
180 6 185 7
180 17 191 17
180 23 189 23
180 26 187 26
180 32 191 32
180 42 188 42
180 52 183 53
180 61 187 61
180 79 190 79
180 82 187 82
180 84 191 84
180 98 187 98
180 113 190 113
180 119 189 119
180 147 188 147
180 151 187 151
180 155 191 155
180 158 184 159
180 161 191 161
180 162 189 162
180 180 190 180
180 196 188 196
180 207 188 207
180 242 191 242
180 248 190 248
181 5 192 5
181 9 191 9
181 18 189 18
181 29 186 30
181 45 186 46
181 56 188 56
181 97 189 97
181 106 190 106
181 127 191 127
181 137 190 137
181 138 192 138
181 140 192 140
181 143 185 144
181 163 192 163
181 167 192 167
181 170 191 170
181 171 190 171
181 172 192 172
181 181 190 181
181 185 190 185
181 193 184 194
181 209 192 209
181 210 190 210
181 217 192 217
181 224 185 225
181 240 186 241
181 244 192 244
181 246 189 246
182 4 189 4
182 10 186 11
182 35 193 35
182 69 193 69
182 72 193 72
182 76 190 76
182 88 193 88
182 104 192 104
182 117 192 117
182 124 192 124
182 145 190 145
182 175 193 175
182 191 186 192
182 203 191 203
182 204 189 204
182 227 190 227
182 243 193 243
183 12 185 14
183 20 192 20
183 51 193 51
183 57 194 57
183 67 186 68
183 95 194 95
183 96 194 96
183 101 190 101
183 105 194 105
183 107 193 107
183 108 193 108
183 118 194 118
183 120 192 120
183 122 194 122
183 128 194 128
183 130 193 130
183 132 194 132
183 134 193 134
183 156 191 156
183 157 194 157
183 174 193 174
183 190 193 190
183 197 186 198
183 200 194 200
183 213 194 213
183 221 191 221
183 234 187 235
183 245 191 245
183 247 192 247
184 25 195 25
184 31 194 31
184 34 192 34
184 52 187 54
184 55 195 55
184 58 191 58
184 59 195 59
184 63 192 63
184 66 193 66
184 80 188 81
184 116 191 116
184 123 193 123
184 131 192 131
184 133 195 133
184 149 195 149
184 154 192 154
184 164 191 164
184 165 191 165
184 169 195 169
184 199 193 199
184 219 193 219
184 230 195 230
184 236 192 236
184 239 191 239
185 40 195 40
185 47 196 47
185 64 194 64
185 73 195 73
185 89 196 89
185 103 196 103
185 112 195 112
185 121 192 121
185 125 193 125
185 126 193 126
185 139 194 139
185 158 194 158
185 159 192 159
185 176 196 176
185 178 196 178
185 189 195 189
185 215 193 215
185 237 196 237
185 249 193 249
186 6 190 7
186 13 193 13
186 14 194 14
186 33 194 33
186 39 194 39
186 43 197 43
186 50 193 50
186 70 197 70
186 85 196 85
186 86 197 86
186 102 194 102
186 110 197 110
186 142 188 144
186 148 197 148
186 173 197 173
186 187 189 188
186 193 197 193
186 214 195 214
186 224 193 224
186 225 197 225
187 10 198 10
187 11 198 11
187 15 198 15
187 21 198 21
187 29 195 29
187 30 194 30
187 45 198 45
187 46 195 46
187 60 194 60
187 62 194 62
187 67 195 67
187 77 195 77
187 78 194 78
187 83 198 83
187 90 195 90
187 92 191 93
187 146 195 146
187 152 195 152
187 179 196 179
187 183 195 183
187 191 192 192
187 197 198 197
187 198 196 198
187 201 198 201
187 205 197 205
187 208 194 208
187 226 197 226
187 228 198 228
187 232 197 232
187 240 190 241
188 0 198 0
188 2 199 2
188 26 198 26
188 48 197 48
188 52 192 53
188 54 197 54
188 61 197 61
188 82 195 82
188 91 198 91
188 109 197 109
188 114 199 114
188 151 197 151
188 177 196 177
188 182 195 182
188 186 197 186
188 194 193 195
188 202 199 202
188 231 195 231
188 233 190 235
189 3 199 3
189 19 198 19
189 41 194 42
189 49 199 49
189 56 199 56
189 75 199 75
189 80 199 80
189 81 199 81
189 87 199 87
189 98 191 100
189 115 197 115
189 141 191 144
189 147 197 147
189 196 197 196
189 206 199 206
189 207 198 207
189 216 199 216
189 222 193 223
190 4 199 4
190 23 195 24
190 37 197 37
190 71 198 71
190 119 199 119
190 153 199 153
190 187 199 187
190 188 197 188
190 204 199 204
190 246 197 246
191 6 193 8
191 22 198 22
191 27 195 28
191 76 199 76
191 79 199 79
191 101 199 101
191 135 194 137
191 145 198 145
191 171 199 171
191 180 199 180
191 181 198 181
191 184 194 185
191 210 196 211
191 220 199 220
191 233 193 235
191 240 199 240
191 241 198 241
192 16 197 17
192 32 199 32
192 92 199 92
192 93 195 94
192 116 199 116
192 141 195 142
192 143 196 144
192 160 194 162
192 164 194 166
192 170 199 170
192 238 196 239
193 52 197 53
193 120 197 121
193 167 198 168
193 217 198 218
193 244 198 245
193 247 198 248
194 5 199 6
194 7 197 8
194 35 199 36
194 50 199 51
194 65 198 66
194 68 198 69
194 106 196 108
194 129 198 130
194 154 197 156
194 174 199 175
194 190 199 191
194 194 197 195
194 221 195 224
194 233 199 234
194 242 198 243
195 12 198 14
195 30 199 31
195 33 199 34
195 41 199 42
195 57 198 58
195 62 198 63
195 95 197 97
195 104 199 105
195 126 198 128
195 131 199 132
195 134 198 136
195 137 199 138
195 139 199 140
195 157 198 158
195 159 198 161
195 162 198 164
195 184 199 185
195 199 199 200
195 208 199 209
195 212 198 213
196 23 199 24
196 27 198 29
196 38 198 40
196 72 199 73
196 77 199 78
196 111 199 113
196 122 199 124
196 221 198 224
196 229 198 231
197 141 199 143
197 236 199 239
198 147 199 152
198 192 199 196
199 7 199 16
199 57 199 64
199 154 199 163
199 221 199 230
